2025-03-24 11:11:53,325 - __main__ - INFO - === GPU環境で実行: 利用可能なGPU 1台 ===
2025-03-24 11:11:53,325 - __main__ - INFO - GPU 0: NVIDIA GeForce RTX 3090
2025-03-24 11:11:53,325 - __main__ - INFO - === 実行設定 ===
2025-03-24 11:11:53,325 - __main__ - INFO - デバッグモード: True
2025-03-24 11:11:53,325 - __main__ - INFO - データセットサンプル数: 1
2025-03-24 11:11:53,326 - __main__ - INFO - 対象データセットタイプ: sem_seg
2025-03-24 11:11:53,327 - __main__ - INFO - データセットディレクトリ: H:\download\LISA-dataset\dataset
2025-03-24 11:11:53,327 - __main__ - INFO - バッチサイズ: 2
2025-03-24 11:11:53,327 - __main__ - INFO - 勾配累積ステップ数: 8
2025-03-24 11:11:53,327 - __main__ - INFO - 学習率: 0.0003
2025-03-24 11:11:53,328 - __main__ - INFO - エポック数: 1
2025-03-24 11:11:53,328 - __main__ - INFO - ステップ数/エポック: 1
2025-03-24 11:11:53,328 - __main__ - INFO - [1/1] データセットタイプ 'sem_seg' の処理を開始します...
2025-03-24 11:11:53,328 - __main__ - INFO - [1/1] [1/3] データセット 'sem_seg/ade20k' の処理...
2025-03-24 11:11:53,328 - __main__ - INFO - データセット 'sem_seg/ade20k' のトレーニングを開始します...
2025-03-24 11:11:53,328 - __main__ - INFO - [Dry Run] データセットパスの検証が成功しました: sem_seg/ade20k
2025-03-24 11:11:55,329 - __main__ - INFO - [1/1] [2/3] データセット 'sem_seg/cocostuff' の処理...
2025-03-24 11:11:55,329 - __main__ - INFO - データセット 'sem_seg/cocostuff' のトレーニングを開始します...
2025-03-24 11:11:55,330 - __main__ - INFO - [Dry Run] データセットパスの検証が成功しました: sem_seg/cocostuff
2025-03-24 11:11:57,345 - __main__ - INFO - [1/1] [3/3] データセット 'sem_seg/mapillary' の処理...
2025-03-24 11:11:57,345 - __main__ - INFO - データセット 'sem_seg/mapillary' のトレーニングを開始します...
2025-03-24 11:11:57,345 - __main__ - INFO - [Dry Run] データセットパスの検証が成功しました: sem_seg/mapillary
2025-03-24 11:11:59,360 - __main__ - INFO - すべてのデータセットの処理が完了しました！
2025-03-24 11:14:50,511 - __main__ - INFO - === GPU環境で実行: 利用可能なGPU 1台 ===
2025-03-24 11:14:50,512 - __main__ - INFO - GPU 0: NVIDIA GeForce RTX 3090
2025-03-24 11:14:50,512 - __main__ - INFO - === 実行設定 ===
2025-03-24 11:14:50,512 - __main__ - INFO - デバッグモード: True
2025-03-24 11:14:50,512 - __main__ - INFO - データセットサンプル数: 1
2025-03-24 11:14:50,512 - __main__ - INFO - 対象データセットタイプ: refer_seg
2025-03-24 11:14:50,512 - __main__ - INFO - データセットディレクトリ: H:\download\LISA-dataset\dataset
2025-03-24 11:14:50,512 - __main__ - INFO - バッチサイズ: 2
2025-03-24 11:14:50,512 - __main__ - INFO - 勾配累積ステップ数: 8
2025-03-24 11:14:50,513 - __main__ - INFO - 学習率: 0.0003
2025-03-24 11:14:50,513 - __main__ - INFO - エポック数: 1
2025-03-24 11:14:50,513 - __main__ - INFO - ステップ数/エポック: 1
2025-03-24 11:14:50,513 - __main__ - INFO - [1/1] データセットタイプ 'refer_seg' の処理を開始します...
2025-03-24 11:14:50,513 - __main__ - INFO - [1/1] [1/3] データセット 'refer_seg/refcoco' の処理...
2025-03-24 11:14:50,513 - __main__ - INFO - データセット 'refer_seg/refcoco' のトレーニングを開始します...
2025-03-24 11:14:50,513 - __main__ - INFO - [Dry Run] データセットパスの検証が成功しました: refer_seg/refcoco
2025-03-24 11:14:52,524 - __main__ - INFO - [1/1] [2/3] データセット 'refer_seg/refcoco+' の処理...
2025-03-24 11:14:52,524 - __main__ - INFO - データセット 'refer_seg/refcoco+' のトレーニングを開始します...
2025-03-24 11:14:52,525 - __main__ - INFO - [Dry Run] データセットパスの検証が成功しました: refer_seg/refcoco+
2025-03-24 11:14:54,539 - __main__ - INFO - [1/1] [3/3] データセット 'refer_seg/refcocog' の処理...
2025-03-24 11:14:54,539 - __main__ - INFO - データセット 'refer_seg/refcocog' のトレーニングを開始します...
2025-03-24 11:14:54,540 - __main__ - INFO - [Dry Run] データセットパスの検証が成功しました: refer_seg/refcocog
2025-03-24 11:14:56,555 - __main__ - INFO - すべてのデータセットの処理が完了しました！
2025-03-24 11:15:07,904 - __main__ - INFO - === GPU環境で実行: 利用可能なGPU 1台 ===
2025-03-24 11:15:07,904 - __main__ - INFO - GPU 0: NVIDIA GeForce RTX 3090
2025-03-24 11:15:07,904 - __main__ - INFO - === 実行設定 ===
2025-03-24 11:15:07,904 - __main__ - INFO - デバッグモード: True
2025-03-24 11:15:07,904 - __main__ - INFO - データセットサンプル数: 1
2025-03-24 11:15:07,904 - __main__ - INFO - 対象データセットタイプ: vqa
2025-03-24 11:15:07,905 - __main__ - INFO - データセットディレクトリ: H:\download\LISA-dataset\dataset
2025-03-24 11:15:07,905 - __main__ - INFO - バッチサイズ: 2
2025-03-24 11:15:07,905 - __main__ - INFO - 勾配累積ステップ数: 8
2025-03-24 11:15:07,905 - __main__ - INFO - 学習率: 0.0003
2025-03-24 11:15:07,905 - __main__ - INFO - エポック数: 1
2025-03-24 11:15:07,905 - __main__ - INFO - ステップ数/エポック: 1
2025-03-24 11:15:07,905 - __main__ - INFO - [1/1] データセットタイプ 'vqa' の処理を開始します...
2025-03-24 11:15:07,905 - __main__ - INFO - [1/1] [1/1] データセット 'vqa/llava_instruct_150k' の処理...
2025-03-24 11:15:07,905 - __main__ - INFO - データセット 'vqa/llava_instruct_150k' のトレーニングを開始します...
2025-03-24 11:15:07,906 - __main__ - INFO - [Dry Run] データセットパスの検証が成功しました: vqa/llava_instruct_150k
2025-03-24 11:15:09,918 - __main__ - INFO - すべてのデータセットの処理が完了しました！
2025-03-24 11:15:30,042 - __main__ - INFO - === GPU環境で実行: 利用可能なGPU 1台 ===
2025-03-24 11:15:30,042 - __main__ - INFO - GPU 0: NVIDIA GeForce RTX 3090
2025-03-24 11:15:30,042 - __main__ - INFO - === 実行設定 ===
2025-03-24 11:15:30,042 - __main__ - INFO - デバッグモード: True
2025-03-24 11:15:30,042 - __main__ - INFO - データセットサンプル数: 1
2025-03-24 11:15:30,043 - __main__ - INFO - 対象データセットタイプ: reason_seg
2025-03-24 11:15:30,043 - __main__ - INFO - データセットディレクトリ: H:\download\LISA-dataset\dataset
2025-03-24 11:15:30,043 - __main__ - INFO - バッチサイズ: 2
2025-03-24 11:15:30,043 - __main__ - INFO - 勾配累積ステップ数: 8
2025-03-24 11:15:30,043 - __main__ - INFO - 学習率: 0.0003
2025-03-24 11:15:30,043 - __main__ - INFO - エポック数: 1
2025-03-24 11:15:30,043 - __main__ - INFO - ステップ数/エポック: 1
2025-03-24 11:15:30,043 - __main__ - INFO - [1/1] データセットタイプ 'reason_seg' の処理を開始します...
2025-03-24 11:15:30,043 - __main__ - INFO - [1/1] [1/1] データセット 'reason_seg/ReasonSeg' の処理...
2025-03-24 11:15:30,044 - __main__ - INFO - データセット 'reason_seg/ReasonSeg' のトレーニングを開始します...
2025-03-24 11:15:30,044 - __main__ - WARNING - データセットパスが見つかりません: reason_seg/ReasonSeg
2025-03-24 11:15:30,044 - __main__ - WARNING - 指定されたデータセットディレクトリ: H:\download\LISA-dataset\dataset
2025-03-24 11:15:30,044 - __main__ - WARNING - トレーニングをスキップします。
2025-03-24 11:15:30,044 - __main__ - WARNING - データセット 'reason_seg/ReasonSeg' の処理に失敗しました。次に進みます。
2025-03-24 11:15:32,056 - __main__ - INFO - すべてのデータセットの処理が完了しました！
2025-03-24 11:21:17,171 - __main__ - INFO - === GPU環境で実行: 利用可能なGPU 1台 ===
2025-03-24 11:21:17,172 - __main__ - INFO - GPU 0: NVIDIA GeForce RTX 3090
2025-03-24 11:21:17,172 - __main__ - INFO - === 実行設定 ===
2025-03-24 11:21:17,172 - __main__ - INFO - デバッグモード: True
2025-03-24 11:21:17,172 - __main__ - INFO - データセットサンプル数: 1
2025-03-24 11:21:17,172 - __main__ - INFO - 対象データセットタイプ: reason_seg
2025-03-24 11:21:17,172 - __main__ - INFO - データセットディレクトリ: H:\download\LISA-dataset\dataset
2025-03-24 11:21:17,173 - __main__ - INFO - バッチサイズ: 2
2025-03-24 11:21:17,173 - __main__ - INFO - 勾配累積ステップ数: 8
2025-03-24 11:21:17,173 - __main__ - INFO - 学習率: 0.0003
2025-03-24 11:21:17,173 - __main__ - INFO - エポック数: 1
2025-03-24 11:21:17,173 - __main__ - INFO - ステップ数/エポック: 1
2025-03-24 11:21:17,173 - __main__ - INFO - [1/1] データセットタイプ 'reason_seg' の処理を開始します...
2025-03-24 11:21:17,173 - __main__ - INFO - [1/1] [1/1] データセット 'reason_seg/ReasonSeg' の処理...
2025-03-24 11:21:17,173 - __main__ - INFO - データセット 'reason_seg/ReasonSeg' のトレーニングを開始します...
2025-03-24 11:21:17,174 - __main__ - INFO - [Dry Run] データセットパスの検証が成功しました: reason_seg/ReasonSeg
2025-03-24 11:21:19,176 - __main__ - INFO - すべてのデータセットの処理が完了しました！
2025-03-24 11:21:30,174 - __main__ - INFO - === GPU環境で実行: 利用可能なGPU 1台 ===
2025-03-24 11:21:30,174 - __main__ - INFO - GPU 0: NVIDIA GeForce RTX 3090
2025-03-24 11:21:30,175 - __main__ - INFO - === 実行設定 ===
2025-03-24 11:21:30,175 - __main__ - INFO - デバッグモード: True
2025-03-24 11:21:30,175 - __main__ - INFO - データセットサンプル数: 1
2025-03-24 11:21:30,175 - __main__ - INFO - 対象データセットタイプ: sem_seg, refer_seg, vqa, reason_seg
2025-03-24 11:21:30,175 - __main__ - INFO - データセットディレクトリ: H:\download\LISA-dataset\dataset
2025-03-24 11:21:30,175 - __main__ - INFO - バッチサイズ: 2
2025-03-24 11:21:30,175 - __main__ - INFO - 勾配累積ステップ数: 8
2025-03-24 11:21:30,175 - __main__ - INFO - 学習率: 0.0003
2025-03-24 11:21:30,175 - __main__ - INFO - エポック数: 1
2025-03-24 11:21:30,176 - __main__ - INFO - ステップ数/エポック: 1
2025-03-24 11:21:30,176 - __main__ - INFO - [1/4] データセットタイプ 'sem_seg' の処理を開始します...
2025-03-24 11:21:30,176 - __main__ - INFO - [1/4] [1/3] データセット 'sem_seg/ade20k' の処理...
2025-03-24 11:21:30,176 - __main__ - INFO - データセット 'sem_seg/ade20k' のトレーニングを開始します...
2025-03-24 11:21:30,176 - __main__ - INFO - [Dry Run] データセットパスの検証が成功しました: sem_seg/ade20k
2025-03-24 11:21:32,183 - __main__ - INFO - [1/4] [2/3] データセット 'sem_seg/cocostuff' の処理...
2025-03-24 11:21:32,183 - __main__ - INFO - データセット 'sem_seg/cocostuff' のトレーニングを開始します...
2025-03-24 11:21:32,183 - __main__ - INFO - [Dry Run] データセットパスの検証が成功しました: sem_seg/cocostuff
2025-03-24 11:21:34,198 - __main__ - INFO - [1/4] [3/3] データセット 'sem_seg/mapillary' の処理...
2025-03-24 11:21:34,198 - __main__ - INFO - データセット 'sem_seg/mapillary' のトレーニングを開始します...
2025-03-24 11:21:34,199 - __main__ - INFO - [Dry Run] データセットパスの検証が成功しました: sem_seg/mapillary
2025-03-24 11:21:36,213 - __main__ - INFO - [2/4] データセットタイプ 'refer_seg' の処理を開始します...
2025-03-24 11:21:36,213 - __main__ - INFO - [2/4] [1/3] データセット 'refer_seg/refcoco' の処理...
2025-03-24 11:21:36,214 - __main__ - INFO - データセット 'refer_seg/refcoco' のトレーニングを開始します...
2025-03-24 11:21:36,214 - __main__ - INFO - [Dry Run] データセットパスの検証が成功しました: refer_seg/refcoco
2025-03-24 11:21:38,229 - __main__ - INFO - [2/4] [2/3] データセット 'refer_seg/refcoco+' の処理...
2025-03-24 11:21:38,229 - __main__ - INFO - データセット 'refer_seg/refcoco+' のトレーニングを開始します...
2025-03-24 11:21:38,229 - __main__ - INFO - [Dry Run] データセットパスの検証が成功しました: refer_seg/refcoco+
2025-03-24 11:21:40,244 - __main__ - INFO - [2/4] [3/3] データセット 'refer_seg/refcocog' の処理...
2025-03-24 11:21:40,244 - __main__ - INFO - データセット 'refer_seg/refcocog' のトレーニングを開始します...
2025-03-24 11:21:40,245 - __main__ - INFO - [Dry Run] データセットパスの検証が成功しました: refer_seg/refcocog
2025-03-24 11:21:42,260 - __main__ - INFO - [3/4] データセットタイプ 'vqa' の処理を開始します...
2025-03-24 11:21:42,260 - __main__ - INFO - [3/4] [1/1] データセット 'vqa/llava_instruct_150k' の処理...
2025-03-24 11:21:42,260 - __main__ - INFO - データセット 'vqa/llava_instruct_150k' のトレーニングを開始します...
2025-03-24 11:21:42,260 - __main__ - INFO - [Dry Run] データセットパスの検証が成功しました: vqa/llava_instruct_150k
2025-03-24 11:21:44,275 - __main__ - INFO - [4/4] データセットタイプ 'reason_seg' の処理を開始します...
2025-03-24 11:21:44,275 - __main__ - INFO - [4/4] [1/1] データセット 'reason_seg/ReasonSeg' の処理...
2025-03-24 11:21:44,275 - __main__ - INFO - データセット 'reason_seg/ReasonSeg' のトレーニングを開始します...
2025-03-24 11:21:44,275 - __main__ - INFO - [Dry Run] データセットパスの検証が成功しました: reason_seg/ReasonSeg
2025-03-24 11:21:46,290 - __main__ - INFO - すべてのデータセットの処理が完了しました！
2025-03-24 11:30:59,750 - __main__ - INFO - === GPU環境で実行: 利用可能なGPU 1台 ===
2025-03-24 11:30:59,751 - __main__ - INFO - GPU 0: NVIDIA GeForce RTX 3090
2025-03-24 11:30:59,751 - __main__ - INFO - === 実行設定 ===
2025-03-24 11:30:59,751 - __main__ - INFO - デバッグモード: True
2025-03-24 11:30:59,751 - __main__ - INFO - データセットサンプル数: 1
2025-03-24 11:30:59,751 - __main__ - INFO - 対象データセットタイプ: sem_seg, refer_seg, vqa, reason_seg
2025-03-24 11:30:59,751 - __main__ - INFO - データセットディレクトリ: H:\download\LISA-dataset\dataset
2025-03-24 11:30:59,752 - __main__ - INFO - バッチサイズ: 2
2025-03-24 11:30:59,752 - __main__ - INFO - 勾配累積ステップ数: 8
2025-03-24 11:30:59,752 - __main__ - INFO - 学習率: 0.0003
2025-03-24 11:30:59,752 - __main__ - INFO - エポック数: 1
2025-03-24 11:30:59,752 - __main__ - INFO - ステップ数/エポック: 1
2025-03-24 11:30:59,752 - __main__ - INFO - [1/4] データセットタイプ 'sem_seg' の処理を開始します...
2025-03-24 11:30:59,752 - __main__ - INFO - [1/4] [1/3] データセット 'sem_seg/ade20k' の処理...
2025-03-24 11:30:59,753 - __main__ - INFO - データセット 'sem_seg/ade20k' のトレーニングを開始します...
2025-03-24 11:30:59,753 - __main__ - INFO - 実行コマンド: python train_full.py --load_in_4bit --lr 0.0003 --batch_size 2 --grad_accumulation_steps 8 --epochs 1 --steps_per_epoch 1 --precision bf16 --vision_tower sigLIP --dataset_dir H:\download\LISA-dataset\dataset --log_base_dir ./runs --exp_name lisa-gemma3-sem_seg-ade20k-20250324-113059 --debug --debug_dataset ade20k --debug_samples 1 --dataset sem_seg --sample_rates 1 --sem_seg_data ade20k
2025-03-24 11:38:15,575 - __main__ - INFO - データセット 'sem_seg/ade20k' の実行が完了しました (所要時間: 435.82秒)
2025-03-24 11:38:17,583 - __main__ - INFO - [1/4] [2/3] データセット 'sem_seg/cocostuff' の処理...
2025-03-24 11:38:17,583 - __main__ - INFO - データセット 'sem_seg/cocostuff' のトレーニングを開始します...
2025-03-24 11:38:17,583 - __main__ - INFO - 実行コマンド: python train_full.py --load_in_4bit --lr 0.0003 --batch_size 2 --grad_accumulation_steps 8 --epochs 1 --steps_per_epoch 1 --precision bf16 --vision_tower sigLIP --dataset_dir H:\download\LISA-dataset\dataset --log_base_dir ./runs --exp_name lisa-gemma3-sem_seg-cocostuff-20250324-113817 --debug --debug_dataset cocostuff --debug_samples 1 --dataset sem_seg --sample_rates 1 --sem_seg_data cocostuff
2025-03-24 11:41:10,478 - __main__ - INFO - === GPU環境で実行: 利用可能なGPU 1台 ===
2025-03-24 11:41:10,479 - __main__ - INFO - GPU 0: NVIDIA GeForce RTX 3090
2025-03-24 11:41:10,479 - __main__ - INFO - === 実行設定 ===
2025-03-24 11:41:10,479 - __main__ - INFO - デバッグモード: True
2025-03-24 11:41:10,479 - __main__ - INFO - データセットサンプル数: 1
2025-03-24 11:41:10,479 - __main__ - INFO - 対象データセットタイプ: sem_seg, refer_seg, vqa, reason_seg
2025-03-24 11:41:10,479 - __main__ - INFO - データセットディレクトリ: H:\download\LISA-dataset\dataset
2025-03-24 11:41:10,480 - __main__ - INFO - バッチサイズ: 2
2025-03-24 11:41:10,480 - __main__ - INFO - 勾配累積ステップ数: 8
2025-03-24 11:41:10,480 - __main__ - INFO - 学習率: 0.0003
2025-03-24 11:41:10,480 - __main__ - INFO - エポック数: 1
2025-03-24 11:41:10,480 - __main__ - INFO - ステップ数/エポック: 1
2025-03-24 11:41:10,480 - __main__ - INFO - [1/4] データセットタイプ 'sem_seg' の処理を開始します...
2025-03-24 11:41:10,480 - __main__ - INFO - [1/4] [1/3] データセット 'sem_seg/ade20k' の処理...
2025-03-24 11:41:10,480 - __main__ - INFO - データセット 'sem_seg/ade20k' のトレーニングを開始します...
2025-03-24 11:41:10,480 - __main__ - INFO - 実行コマンド: python train_full.py --load_in_4bit --lr 0.0003 --batch_size 2 --grad_accumulation_steps 8 --epochs 1 --steps_per_epoch 1 --precision bf16 --vision_tower sigLIP --dataset_dir H:\download\LISA-dataset\dataset --log_base_dir ./runs --exp_name lisa-gemma3-sem_seg-ade20k-20250324-114110 --debug --debug_dataset ade20k --debug_samples 1 --dataset sem_seg --sample_rates 1 --sem_seg_data ade20k
2025-03-24 11:48:58,863 - __main__ - INFO - データセット 'sem_seg/ade20k' の実行が完了しました (所要時間: 468.38秒)
2025-03-24 11:49:00,870 - __main__ - INFO - [1/4] [2/3] データセット 'sem_seg/cocostuff' の処理...
2025-03-24 11:49:00,871 - __main__ - INFO - データセット 'sem_seg/cocostuff' のトレーニングを開始します...
2025-03-24 11:49:00,871 - __main__ - INFO - 実行コマンド: python train_full.py --load_in_4bit --lr 0.0003 --batch_size 2 --grad_accumulation_steps 8 --epochs 1 --steps_per_epoch 1 --precision bf16 --vision_tower sigLIP --dataset_dir H:\download\LISA-dataset\dataset --log_base_dir ./runs --exp_name lisa-gemma3-sem_seg-cocostuff-20250324-114900 --debug --debug_dataset cocostuff --debug_samples 1 --dataset sem_seg --sample_rates 1 --sem_seg_data cocostuff
2025-03-24 11:57:07,046 - __main__ - INFO - データセット 'sem_seg/cocostuff' の実行が完了しました (所要時間: 486.17秒)
2025-03-24 11:57:09,051 - __main__ - INFO - [1/4] [3/3] データセット 'sem_seg/mapillary' の処理...
2025-03-24 11:57:09,051 - __main__ - INFO - データセット 'sem_seg/mapillary' のトレーニングを開始します...
2025-03-24 11:57:09,051 - __main__ - INFO - 実行コマンド: python train_full.py --load_in_4bit --lr 0.0003 --batch_size 2 --grad_accumulation_steps 8 --epochs 1 --steps_per_epoch 1 --precision bf16 --vision_tower sigLIP --dataset_dir H:\download\LISA-dataset\dataset --log_base_dir ./runs --exp_name lisa-gemma3-sem_seg-mapillary-20250324-115709 --debug --debug_dataset mapillary --debug_samples 1 --dataset sem_seg --sample_rates 1 --sem_seg_data mapillary
2025-03-24 11:58:05,618 - __main__ - INFO - データセット 'sem_seg/mapillary' の実行が完了しました (所要時間: 56.57秒)
2025-03-24 11:58:07,620 - __main__ - INFO - [2/4] データセットタイプ 'refer_seg' の処理を開始します...
2025-03-24 11:58:07,620 - __main__ - INFO - [2/4] [1/3] データセット 'refer_seg/refcoco' の処理...
2025-03-24 11:58:07,621 - __main__ - INFO - データセット 'refer_seg/refcoco' のトレーニングを開始します...
2025-03-24 11:58:07,621 - __main__ - INFO - 実行コマンド: python train_full.py --load_in_4bit --lr 0.0003 --batch_size 2 --grad_accumulation_steps 8 --epochs 1 --steps_per_epoch 1 --precision bf16 --vision_tower sigLIP --dataset_dir H:\download\LISA-dataset\dataset --log_base_dir ./runs --exp_name lisa-gemma3-refer_seg-refcoco-20250324-115807 --debug --debug_dataset refcoco --debug_samples 1 --dataset refer_seg --sample_rates 1 --refer_seg_data refcoco
2025-03-24 11:59:02,316 - __main__ - INFO - データセット 'refer_seg/refcoco' の実行が完了しました (所要時間: 54.69秒)
2025-03-24 11:59:04,329 - __main__ - INFO - [2/4] [2/3] データセット 'refer_seg/refcoco+' の処理...
2025-03-24 11:59:04,329 - __main__ - INFO - データセット 'refer_seg/refcoco+' のトレーニングを開始します...
2025-03-24 11:59:04,329 - __main__ - INFO - 実行コマンド: python train_full.py --load_in_4bit --lr 0.0003 --batch_size 2 --grad_accumulation_steps 8 --epochs 1 --steps_per_epoch 1 --precision bf16 --vision_tower sigLIP --dataset_dir H:\download\LISA-dataset\dataset --log_base_dir ./runs --exp_name lisa-gemma3-refer_seg-refcoco+-20250324-115904 --debug --debug_dataset refcoco+ --debug_samples 1 --dataset refer_seg --sample_rates 1 --refer_seg_data refcoco+
2025-03-24 12:00:01,478 - __main__ - INFO - データセット 'refer_seg/refcoco+' の実行が完了しました (所要時間: 57.15秒)
2025-03-24 12:00:03,487 - __main__ - INFO - [2/4] [3/3] データセット 'refer_seg/refcocog' の処理...
2025-03-24 12:00:03,487 - __main__ - INFO - データセット 'refer_seg/refcocog' のトレーニングを開始します...
2025-03-24 12:00:03,487 - __main__ - INFO - 実行コマンド: python train_full.py --load_in_4bit --lr 0.0003 --batch_size 2 --grad_accumulation_steps 8 --epochs 1 --steps_per_epoch 1 --precision bf16 --vision_tower sigLIP --dataset_dir H:\download\LISA-dataset\dataset --log_base_dir ./runs --exp_name lisa-gemma3-refer_seg-refcocog-20250324-120003 --debug --debug_dataset refcocog --debug_samples 1 --dataset refer_seg --sample_rates 1 --refer_seg_data refcocog
